# JRE version: Java(TM) SE Runtime Environment (8.0_11-b12) (build 1.8.0_11-b12)
# Java VM: Java HotSpot(TM) Server VM (25.11-b03 mixed mode linux-x86 )
Heap:
 PSYoungGen      total 145920K, used 13051K [0x91cc0000, 0x9b840000, 0xa7200000)
  eden space 132864K, 0% used [0x91cc0000,0x91cc0000,0x99e80000)
  from space 13056K, 99% used [0x99e80000,0x9ab3efa0,0x9ab40000)
  to   space 12800K, 0% used [0x9ab40000,0x9ab40000,0x9b7c0000)
 ParOldGen       total 43776K, used 31523K [0x67200000, 0x69cc0000, 0x91cc0000)
  object space 43776K, 72% used [0x67200000,0x690c8fd0,0x69cc0000)
 Metaspace       used 3730K, capacity 3748K, committed 3864K, reserved 4400K
GC Heap History (10 events):
Event: 3,042 GC heap after
Heap after GC invocations=2 (full 0):
 PSYoungGen      total 35840K, used 2554K [0x91cc0000, 0x94240000, 0xa7200000)
  eden space 33280K, 0% used [0x91cc0000,0x91cc0000,0x93d40000)
  from space 2560K, 99% used [0x93fc0000,0x9423e968,0x94240000)
  to   space 2560K, 0% used [0x93d40000,0x93d40000,0x93fc0000)
 ParOldGen       total 43776K, used 4800K [0x67200000, 0x69cc0000, 0x91cc0000)
  object space 43776K, 10% used [0x67200000,0x676b02a0,0x69cc0000)
 Metaspace       used 3532K, capacity 3614K, committed 3736K, reserved 4400K
}
Event: 4,129 GC heap before
{Heap before GC invocations=3 (full 0):
 PSYoungGen      total 35840K, used 35834K [0x91cc0000, 0x94240000, 0xa7200000)
  eden space 33280K, 100% used [0x91cc0000,0x93d40000,0x93d40000)
  from space 2560K, 99% used [0x93fc0000,0x9423e968,0x94240000)
  to   space 2560K, 0% used [0x93d40000,0x93d40000,0x93fc0000)
 ParOldGen       total 43776K, used 4800K [0x67200000, 0x69cc0000, 0x91cc0000)
  object space 43776K, 10% used [0x67200000,0x676b02a0,0x69cc0000)
 Metaspace       used 3619K, capacity 3646K, committed 3736K, reserved 4400K
Event: 4,202 GC heap after
Heap after GC invocations=3 (full 0):
 PSYoungGen      total 35840K, used 2550K [0x91cc0000, 0x962c0000, 0xa7200000)
  eden space 33280K, 0% used [0x91cc0000,0x91cc0000,0x93d40000)
  from space 2560K, 99% used [0x93d40000,0x93fbd820,0x93fc0000)
  to   space 2560K, 0% used [0x96040000,0x96040000,0x962c0000)
 ParOldGen       total 43776K, used 8935K [0x67200000, 0x69cc0000, 0x91cc0000)
  object space 43776K, 20% used [0x67200000,0x67ab9c30,0x69cc0000)
 Metaspace       used 3619K, capacity 3646K, committed 3736K, reserved 4400K
}
Event: 5,227 GC heap before
{Heap before GC invocations=4 (full 0):
 PSYoungGen      total 35840K, used 35830K [0x91cc0000, 0x962c0000, 0xa7200000)
  eden space 33280K, 100% used [0x91cc0000,0x93d40000,0x93d40000)
  from space 2560K, 99% used [0x93d40000,0x93fbd820,0x93fc0000)
  to   space 2560K, 0% used [0x96040000,0x96040000,0x962c0000)
 ParOldGen       total 43776K, used 8935K [0x67200000, 0x69cc0000, 0x91cc0000)
  object space 43776K, 20% used [0x67200000,0x67ab9c30,0x69cc0000)
 Metaspace       used 3642K, capacity 3646K, committed 3736K, reserved 4400K
Event: 5,313 GC heap after
Heap after GC invocations=4 (full 0):
 PSYoungGen      total 69120K, used 2553K [0x91cc0000, 0x962c0000, 0xa7200000)
  eden space 66560K, 0% used [0x91cc0000,0x91cc0000,0x95dc0000)
  from space 2560K, 99% used [0x96040000,0x962be6c0,0x962c0000)
  to   space 2560K, 0% used [0x95dc0000,0x95dc0000,0x96040000)
 ParOldGen       total 43776K, used 14188K [0x67200000, 0x69cc0000, 0x91cc0000)
  object space 43776K, 32% used [0x67200000,0x67fdb018,0x69cc0000)
 Metaspace       used 3642K, capacity 3646K, committed 3736K, reserved 4400K
}
Event: 6,604 GC heap before
{Heap before GC invocations=5 (full 0):
 PSYoungGen      total 69120K, used 69113K [0x91cc0000, 0x962c0000, 0xa7200000)
  eden space 66560K, 100% used [0x91cc0000,0x95dc0000,0x95dc0000)
  from space 2560K, 99% used [0x96040000,0x962be6c0,0x962c0000)
  to   space 2560K, 0% used [0x95dc0000,0x95dc0000,0x96040000)
 ParOldGen       total 43776K, used 14373K [0x67200000, 0x69cc0000, 0x91cc0000)
  object space 43776K, 32% used [0x67200000,0x68009590,0x69cc0000)
 Metaspace       used 3696K, capacity 3712K, committed 3736K, reserved 4400K
Event: 6,748 GC heap after
Heap after GC invocations=5 (full 0):
 PSYoungGen      total 69120K, used 2558K [0x91cc0000, 0x9b7c0000, 0xa7200000)
  eden space 66560K, 0% used [0x91cc0000,0x91cc0000,0x95dc0000)
  from space 2560K, 99% used [0x95dc0000,0x9603f8d0,0x96040000)
  to   space 12800K, 0% used [0x9ab40000,0x9ab40000,0x9b7c0000)
 ParOldGen       total 43776K, used 24521K [0x67200000, 0x69cc0000, 0x91cc0000)
  object space 43776K, 56% used [0x67200000,0x689f2628,0x69cc0000)
 Metaspace       used 3696K, capacity 3712K, committed 3736K, reserved 4400K
}
Event: 6,766 GC heap before
{Heap before GC invocations=6 (full 0):
 PSYoungGen      total 69120K, used 7369K [0x91cc0000, 0x9b7c0000, 0xa7200000)
  eden space 66560K, 7% used [0x91cc0000,0x92172b80,0x95dc0000)
  from space 2560K, 99% used [0x95dc0000,0x9603f8d0,0x96040000)
  to   space 12800K, 0% used [0x9ab40000,0x9ab40000,0x9b7c0000)
 ParOldGen       total 43776K, used 24521K [0x67200000, 0x69cc0000, 0x91cc0000)
  object space 43776K, 56% used [0x67200000,0x689f2628,0x69cc0000)
 Metaspace       used 3696K, capacity 3712K, committed 3736K, reserved 4400K
Event: 6,910 GC heap after
Heap after GC invocations=6 (full 0):
 PSYoungGen      total 145664K, used 3045K [0x91cc0000, 0x9b840000, 0xa7200000)
  eden space 132864K, 0% used [0x91cc0000,0x91cc0000,0x99e80000)
  from space 12800K, 23% used [0x9ab40000,0x9ae39608,0x9b7c0000)
  to   space 13056K, 0% used [0x99e80000,0x99e80000,0x9ab40000)
 ParOldGen       total 43776K, used 24521K [0x67200000, 0x69cc0000, 0x91cc0000)
  object space 43776K, 56% used [0x67200000,0x689f2628,0x69cc0000)
 Metaspace       used 3696K, capacity 3712K, committed 3736K, reserved 4400K
}
Event: 91,158 GC heap before
{Heap before GC invocations=7 (full 0):
 PSYoungGen      total 145664K, used 135909K [0x91cc0000, 0x9b840000, 0xa7200000)
  eden space 132864K, 100% used [0x91cc0000,0x99e80000,0x99e80000)
  from space 12800K, 23% used [0x9ab40000,0x9ae39608,0x9b7c0000)
  to   space 13056K, 0% used [0x99e80000,0x99e80000,0x9ab40000)
 ParOldGen       total 43776K, used 24521K [0x67200000, 0x69cc0000, 0x91cc0000)
  object space 43776K, 56% used [0x67200000,0x689f2628,0x69cc0000)
 Metaspace       used 3730K, capacity 3748K, committed 3864K, reserved 4400K

