# JRE version: Java(TM) SE Runtime Environment (8.0_11-b12) (build 1.8.0_11-b12)
# Java VM: Java HotSpot(TM) Server VM (25.11-b03 mixed mode linux-x86 )
Heap:
 PSYoungGen      total 74240K, used 8446K [0x91ac0000, 0x96c40000, 0xa7000000)
  eden space 65792K, 0% used [0x91ac0000,0x91ac0000,0x95b00000)
  from space 8448K, 99% used [0x95b00000,0x9633f998,0x96340000)
  to   space 7680K, 0% used [0x96340000,0x96340000,0x96ac0000)
 ParOldGen       total 43776K, used 23015K [0x67000000, 0x69ac0000, 0x91ac0000)
  object space 43776K, 52% used [0x67000000,0x68679e80,0x69ac0000)
 Metaspace       used 3741K, capacity 3782K, committed 3864K, reserved 4400K
GC Heap History (10 events):
Event: 3,263 GC heap after
Heap after GC invocations=2 (full 0):
 PSYoungGen      total 19200K, used 2559K [0x91ac0000, 0x94040000, 0xa7000000)
  eden space 16640K, 0% used [0x91ac0000,0x91ac0000,0x92b00000)
  from space 2560K, 99% used [0x92d80000,0x92fffde8,0x93000000)
  to   space 2560K, 0% used [0x92b00000,0x92b00000,0x92d80000)
 ParOldGen       total 43776K, used 4801K [0x67000000, 0x69ac0000, 0x91ac0000)
  object space 43776K, 10% used [0x67000000,0x674b06f0,0x69ac0000)
 Metaspace       used 3553K, capacity 3614K, committed 3736K, reserved 4400K
}
Event: 3,874 GC heap before
{Heap before GC invocations=3 (full 0):
 PSYoungGen      total 19200K, used 19199K [0x91ac0000, 0x94040000, 0xa7000000)
  eden space 16640K, 100% used [0x91ac0000,0x92b00000,0x92b00000)
  from space 2560K, 99% used [0x92d80000,0x92fffde8,0x93000000)
  to   space 2560K, 0% used [0x92b00000,0x92b00000,0x92d80000)
 ParOldGen       total 43776K, used 4801K [0x67000000, 0x69ac0000, 0x91ac0000)
  object space 43776K, 10% used [0x67000000,0x674b06f0,0x69ac0000)
 Metaspace       used 3573K, capacity 3646K, committed 3736K, reserved 4400K
Event: 3,903 GC heap after
Heap after GC invocations=3 (full 0):
 PSYoungGen      total 19200K, used 2551K [0x91ac0000, 0x94040000, 0xa7000000)
  eden space 16640K, 0% used [0x91ac0000,0x91ac0000,0x92b00000)
  from space 2560K, 99% used [0x92b00000,0x92d7dd98,0x92d80000)
  to   space 2560K, 0% used [0x93dc0000,0x93dc0000,0x94040000)
 ParOldGen       total 43776K, used 7838K [0x67000000, 0x69ac0000, 0x91ac0000)
  object space 43776K, 17% used [0x67000000,0x677a7bf8,0x69ac0000)
 Metaspace       used 3573K, capacity 3646K, committed 3736K, reserved 4400K
}
Event: 4,563 GC heap before
{Heap before GC invocations=4 (full 0):
 PSYoungGen      total 19200K, used 19191K [0x91ac0000, 0x94040000, 0xa7000000)
  eden space 16640K, 100% used [0x91ac0000,0x92b00000,0x92b00000)
  from space 2560K, 99% used [0x92b00000,0x92d7dd98,0x92d80000)
  to   space 2560K, 0% used [0x93dc0000,0x93dc0000,0x94040000)
 ParOldGen       total 43776K, used 7838K [0x67000000, 0x69ac0000, 0x91ac0000)
  object space 43776K, 17% used [0x67000000,0x677a7bf8,0x69ac0000)
 Metaspace       used 3656K, capacity 3678K, committed 3736K, reserved 4400K
Event: 4,608 GC heap after
Heap after GC invocations=4 (full 0):
 PSYoungGen      total 35840K, used 2546K [0x91ac0000, 0x94040000, 0xa7000000)
  eden space 33280K, 0% used [0x91ac0000,0x91ac0000,0x93b40000)
  from space 2560K, 99% used [0x93dc0000,0x9403c9b8,0x94040000)
  to   space 2560K, 0% used [0x93b40000,0x93b40000,0x93dc0000)
 ParOldGen       total 43776K, used 10597K [0x67000000, 0x69ac0000, 0x91ac0000)
  object space 43776K, 24% used [0x67000000,0x67a59498,0x69ac0000)
 Metaspace       used 3656K, capacity 3678K, committed 3736K, reserved 4400K
}
Event: 5,372 GC heap before
{Heap before GC invocations=5 (full 0):
 PSYoungGen      total 35840K, used 35826K [0x91ac0000, 0x94040000, 0xa7000000)
  eden space 33280K, 100% used [0x91ac0000,0x93b40000,0x93b40000)
  from space 2560K, 99% used [0x93dc0000,0x9403c9b8,0x94040000)
  to   space 2560K, 0% used [0x93b40000,0x93b40000,0x93dc0000)
 ParOldGen       total 43776K, used 10597K [0x67000000, 0x69ac0000, 0x91ac0000)
  object space 43776K, 24% used [0x67000000,0x67a59498,0x69ac0000)
 Metaspace       used 3672K, capacity 3680K, committed 3736K, reserved 4400K
Event: 5,432 GC heap after
Heap after GC invocations=5 (full 0):
 PSYoungGen      total 35840K, used 2556K [0x91ac0000, 0x96ac0000, 0xa7000000)
  eden space 33280K, 0% used [0x91ac0000,0x91ac0000,0x93b40000)
  from space 2560K, 99% used [0x93b40000,0x93dbf350,0x93dc0000)
  to   space 7680K, 0% used [0x96340000,0x96340000,0x96ac0000)
 ParOldGen       total 43776K, used 15771K [0x67000000, 0x69ac0000, 0x91ac0000)
  object space 43776K, 36% used [0x67000000,0x67f66eb0,0x69ac0000)
 Metaspace       used 3672K, capacity 3680K, committed 3736K, reserved 4400K
}
Event: 6,093 GC heap before
{Heap before GC invocations=6 (full 0):
 PSYoungGen      total 35840K, used 35836K [0x91ac0000, 0x96ac0000, 0xa7000000)
  eden space 33280K, 100% used [0x91ac0000,0x93b40000,0x93b40000)
  from space 2560K, 99% used [0x93b40000,0x93dbf350,0x93dc0000)
  to   space 7680K, 0% used [0x96340000,0x96340000,0x96ac0000)
 ParOldGen       total 43776K, used 15771K [0x67000000, 0x69ac0000, 0x91ac0000)
  object space 43776K, 36% used [0x67000000,0x67f66eb0,0x69ac0000)
 Metaspace       used 3685K, capacity 3714K, committed 3736K, reserved 4400K
Event: 6,201 GC heap after
Heap after GC invocations=6 (full 0):
 PSYoungGen      total 73472K, used 7671K [0x91ac0000, 0x96c40000, 0xa7000000)
  eden space 65792K, 0% used [0x91ac0000,0x91ac0000,0x95b00000)
  from space 7680K, 99% used [0x96340000,0x96abde18,0x96ac0000)
  to   space 8448K, 0% used [0x95b00000,0x95b00000,0x96340000)
 ParOldGen       total 43776K, used 15871K [0x67000000, 0x69ac0000, 0x91ac0000)
  object space 43776K, 36% used [0x67000000,0x67f7fda8,0x69ac0000)
 Metaspace       used 3685K, capacity 3714K, committed 3736K, reserved 4400K
}
Event: 7,858 GC heap before
{Heap before GC invocations=7 (full 0):
 PSYoungGen      total 73472K, used 73463K [0x91ac0000, 0x96c40000, 0xa7000000)
  eden space 65792K, 100% used [0x91ac0000,0x95b00000,0x95b00000)
  from space 7680K, 99% used [0x96340000,0x96abde18,0x96ac0000)
  to   space 8448K, 0% used [0x95b00000,0x95b00000,0x96340000)
 ParOldGen       total 43776K, used 15871K [0x67000000, 0x69ac0000, 0x91ac0000)
  object space 43776K, 36% used [0x67000000,0x67f7fda8,0x69ac0000)
 Metaspace       used 3741K, capacity 3782K, committed 3864K, reserved 4400K

