# JRE version: Java(TM) SE Runtime Environment (8.0_11-b12) (build 1.8.0_11-b12)
# Java VM: Java HotSpot(TM) Server VM (25.11-b03 mixed mode linux-x86 )
Heap:
 PSYoungGen      total 35840K, used 2485K [0x91ac0000, 0x94040000, 0xa7000000)
  eden space 33280K, 0% used [0x91ac0000,0x91ac0000,0x93b40000)
  from space 2560K, 97% used [0x93b40000,0x93dad730,0x93dc0000)
  to   space 2560K, 0% used [0x93dc0000,0x93dc0000,0x94040000)
 ParOldGen       total 43776K, used 14792K [0x67000000, 0x69ac0000, 0x91ac0000)
  object space 43776K, 33% used [0x67000000,0x67e72378,0x69ac0000)
 Metaspace       used 4392K, capacity 4422K, committed 4504K, reserved 5424K
GC Heap History (5 events):
Event: 1,935 GC heap before
{Heap before GC invocations=1 (full 0):
 PSYoungGen      total 19200K, used 16546K [0x91ac0000, 0x93000000, 0xa7000000)
  eden space 16640K, 99% used [0x91ac0000,0x92ae8b20,0x92b00000)
  from space 2560K, 0% used [0x92d80000,0x92d80000,0x93000000)
  to   space 2560K, 0% used [0x92b00000,0x92b00000,0x92d80000)
 ParOldGen       total 43776K, used 0K [0x67000000, 0x69ac0000, 0x91ac0000)
  object space 43776K, 0% used [0x67000000,0x67000000,0x69ac0000)
 Metaspace       used 3441K, capacity 3550K, committed 3608K, reserved 4400K
Event: 1,982 GC heap after
Heap after GC invocations=1 (full 0):
 PSYoungGen      total 19200K, used 2544K [0x91ac0000, 0x94040000, 0xa7000000)
  eden space 16640K, 0% used [0x91ac0000,0x91ac0000,0x92b00000)
  from space 2560K, 99% used [0x92b00000,0x92d7c2e8,0x92d80000)
  to   space 2560K, 0% used [0x93dc0000,0x93dc0000,0x94040000)
 ParOldGen       total 43776K, used 2190K [0x67000000, 0x69ac0000, 0x91ac0000)
  object space 43776K, 5% used [0x67000000,0x67223848,0x69ac0000)
 Metaspace       used 3441K, capacity 3550K, committed 3608K, reserved 4400K
}
Event: 3,220 GC heap before
{Heap before GC invocations=2 (full 0):
 PSYoungGen      total 19200K, used 19184K [0x91ac0000, 0x94040000, 0xa7000000)
  eden space 16640K, 100% used [0x91ac0000,0x92b00000,0x92b00000)
  from space 2560K, 99% used [0x92b00000,0x92d7c2e8,0x92d80000)
  to   space 2560K, 0% used [0x93dc0000,0x93dc0000,0x94040000)
 ParOldGen       total 43776K, used 2190K [0x67000000, 0x69ac0000, 0x91ac0000)
  object space 43776K, 5% used [0x67000000,0x67223848,0x69ac0000)
 Metaspace       used 4361K, capacity 4390K, committed 4504K, reserved 5424K
Event: 3,241 GC heap after
Heap after GC invocations=2 (full 0):
 PSYoungGen      total 35840K, used 2558K [0x91ac0000, 0x94040000, 0xa7000000)
  eden space 33280K, 0% used [0x91ac0000,0x91ac0000,0x93b40000)
  from space 2560K, 99% used [0x93dc0000,0x9403f9b0,0x94040000)
  to   space 2560K, 0% used [0x93b40000,0x93b40000,0x93dc0000)
 ParOldGen       total 43776K, used 8171K [0x67000000, 0x69ac0000, 0x91ac0000)
  object space 43776K, 18% used [0x67000000,0x677fae98,0x69ac0000)
 Metaspace       used 4361K, capacity 4390K, committed 4504K, reserved 5424K
}
Event: 18,808 GC heap before
{Heap before GC invocations=3 (full 0):
 PSYoungGen      total 35840K, used 34183K [0x91ac0000, 0x94040000, 0xa7000000)
  eden space 33280K, 95% used [0x91ac0000,0x939a2550,0x93b40000)
  from space 2560K, 99% used [0x93dc0000,0x9403f9b0,0x94040000)
  to   space 2560K, 0% used [0x93b40000,0x93b40000,0x93dc0000)
 ParOldGen       total 43776K, used 8171K [0x67000000, 0x69ac0000, 0x91ac0000)
  object space 43776K, 18% used [0x67000000,0x677fae98,0x69ac0000)
 Metaspace       used 4392K, capacity 4422K, committed 4504K, reserved 5424K

