# JRE version: Java(TM) SE Runtime Environment (8.0_11-b12) (build 1.8.0_11-b12)
# Java VM: Java HotSpot(TM) Server VM (25.11-b03 mixed mode linux-x86 )
Heap:
 PSYoungGen      total 69120K, used 2554K [0x91cc0000, 0x962c0000, 0xa7200000)
  eden space 66560K, 0% used [0x91cc0000,0x91cc0000,0x95dc0000)
  from space 2560K, 99% used [0x95dc0000,0x9603e8c0,0x96040000)
  to   space 2560K, 0% used [0x96040000,0x96040000,0x962c0000)
 ParOldGen       total 43776K, used 24584K [0x67200000, 0x69cc0000, 0x91cc0000)
  object space 43776K, 56% used [0x67200000,0x68a02090,0x69cc0000)
 Metaspace       used 3684K, capacity 3718K, committed 3736K, reserved 4400K
GC Heap History (9 events):
Event: 1,876 GC heap before
{Heap before GC invocations=1 (full 0):
 PSYoungGen      total 19200K, used 16640K [0x91cc0000, 0x93200000, 0xa7200000)
  eden space 16640K, 100% used [0x91cc0000,0x92d00000,0x92d00000)
  from space 2560K, 0% used [0x92f80000,0x92f80000,0x93200000)
  to   space 2560K, 0% used [0x92d00000,0x92d00000,0x92f80000)
 ParOldGen       total 43776K, used 0K [0x67200000, 0x69cc0000, 0x91cc0000)
  object space 43776K, 0% used [0x67200000,0x67200000,0x69cc0000)
 Metaspace       used 3517K, capacity 3582K, committed 3608K, reserved 4400K
Event: 2,028 GC heap after
Heap after GC invocations=1 (full 0):
 PSYoungGen      total 19200K, used 2548K [0x91cc0000, 0x94240000, 0xa7200000)
  eden space 16640K, 0% used [0x91cc0000,0x91cc0000,0x92d00000)
  from space 2560K, 99% used [0x92d00000,0x92f7d300,0x92f80000)
  to   space 2560K, 0% used [0x93fc0000,0x93fc0000,0x94240000)
 ParOldGen       total 43776K, used 2047K [0x67200000, 0x69cc0000, 0x91cc0000)
  object space 43776K, 4% used [0x67200000,0x673fffe8,0x69cc0000)
 Metaspace       used 3517K, capacity 3582K, committed 3608K, reserved 4400K
}
Event: 3,061 GC heap before
{Heap before GC invocations=2 (full 0):
 PSYoungGen      total 19200K, used 19188K [0x91cc0000, 0x94240000, 0xa7200000)
  eden space 16640K, 100% used [0x91cc0000,0x92d00000,0x92d00000)
  from space 2560K, 99% used [0x92d00000,0x92f7d300,0x92f80000)
  to   space 2560K, 0% used [0x93fc0000,0x93fc0000,0x94240000)
 ParOldGen       total 43776K, used 2047K [0x67200000, 0x69cc0000, 0x91cc0000)
  object space 43776K, 4% used [0x67200000,0x673fffe8,0x69cc0000)
 Metaspace       used 3553K, capacity 3614K, committed 3736K, reserved 4400K
Event: 3,098 GC heap after
Heap after GC invocations=2 (full 0):
 PSYoungGen      total 35840K, used 2558K [0x91cc0000, 0x94240000, 0xa7200000)
  eden space 33280K, 0% used [0x91cc0000,0x91cc0000,0x93d40000)
  from space 2560K, 99% used [0x93fc0000,0x9423f968,0x94240000)
  to   space 2560K, 0% used [0x93d40000,0x93d40000,0x93fc0000)
 ParOldGen       total 43776K, used 4611K [0x67200000, 0x69cc0000, 0x91cc0000)
  object space 43776K, 10% used [0x67200000,0x67680fb8,0x69cc0000)
 Metaspace       used 3553K, capacity 3614K, committed 3736K, reserved 4400K
}
Event: 4,638 GC heap before
{Heap before GC invocations=3 (full 0):
 PSYoungGen      total 35840K, used 35838K [0x91cc0000, 0x94240000, 0xa7200000)
  eden space 33280K, 100% used [0x91cc0000,0x93d40000,0x93d40000)
  from space 2560K, 99% used [0x93fc0000,0x9423f968,0x94240000)
  to   space 2560K, 0% used [0x93d40000,0x93d40000,0x93fc0000)
 ParOldGen       total 43776K, used 4611K [0x67200000, 0x69cc0000, 0x91cc0000)
  object space 43776K, 10% used [0x67200000,0x67680fb8,0x69cc0000)
 Metaspace       used 3642K, capacity 3652K, committed 3736K, reserved 4400K
Event: 4,725 GC heap after
Heap after GC invocations=3 (full 0):
 PSYoungGen      total 35840K, used 2555K [0x91cc0000, 0x962c0000, 0xa7200000)
  eden space 33280K, 0% used [0x91cc0000,0x91cc0000,0x93d40000)
  from space 2560K, 99% used [0x93d40000,0x93fbefe8,0x93fc0000)
  to   space 2560K, 0% used [0x96040000,0x96040000,0x962c0000)
 ParOldGen       total 43776K, used 9740K [0x67200000, 0x69cc0000, 0x91cc0000)
  object space 43776K, 22% used [0x67200000,0x67b83388,0x69cc0000)
 Metaspace       used 3642K, capacity 3652K, committed 3736K, reserved 4400K
}
Event: 5,504 GC heap before
{Heap before GC invocations=4 (full 0):
 PSYoungGen      total 35840K, used 35835K [0x91cc0000, 0x962c0000, 0xa7200000)
  eden space 33280K, 100% used [0x91cc0000,0x93d40000,0x93d40000)
  from space 2560K, 99% used [0x93d40000,0x93fbefe8,0x93fc0000)
  to   space 2560K, 0% used [0x96040000,0x96040000,0x962c0000)
 ParOldGen       total 43776K, used 9740K [0x67200000, 0x69cc0000, 0x91cc0000)
  object space 43776K, 22% used [0x67200000,0x67b83388,0x69cc0000)
 Metaspace       used 3655K, capacity 3684K, committed 3736K, reserved 4400K
Event: 5,575 GC heap after
Heap after GC invocations=4 (full 0):
 PSYoungGen      total 69120K, used 2553K [0x91cc0000, 0x962c0000, 0xa7200000)
  eden space 66560K, 0% used [0x91cc0000,0x91cc0000,0x95dc0000)
  from space 2560K, 99% used [0x96040000,0x962be408,0x962c0000)
  to   space 2560K, 0% used [0x95dc0000,0x95dc0000,0x96040000)
 ParOldGen       total 43776K, used 14706K [0x67200000, 0x69cc0000, 0x91cc0000)
  object space 43776K, 33% used [0x67200000,0x6805cbc8,0x69cc0000)
 Metaspace       used 3655K, capacity 3684K, committed 3736K, reserved 4400K
}
Event: 6,736 GC heap before
{Heap before GC invocations=5 (full 0):
 PSYoungGen      total 69120K, used 69113K [0x91cc0000, 0x962c0000, 0xa7200000)
  eden space 66560K, 100% used [0x91cc0000,0x95dc0000,0x95dc0000)
  from space 2560K, 99% used [0x96040000,0x962be408,0x962c0000)
  to   space 2560K, 0% used [0x95dc0000,0x95dc0000,0x96040000)
 ParOldGen       total 43776K, used 14706K [0x67200000, 0x69cc0000, 0x91cc0000)
  object space 43776K, 33% used [0x67200000,0x6805cbc8,0x69cc0000)
 Metaspace       used 3684K, capacity 3718K, committed 3736K, reserved 4400K

